<?xml version="1.0" encoding="UTF-8"?>
<testsuite name="net.thucydides.showcase.cucumber.RunTests" time="9.786" tests="20" errors="0" skipped="3" failures="0">
  <properties>
[...]
</properties>
  <testcase name="Given I set up the enviroment" classname="Scenario: Adding Trades" time="0.003"/>
  <testcase name="And I add the following trades to both environments" classname="Scenario: Adding Trades" time="0"/>
  <testcase name="Then all trades are successfully entered" classname="Scenario: Adding Trades" time="0"/>
  <testcase name="Scenario: Adding Trades" classname="Scenario: Adding Trades" time="9.313"/>
  <testcase name="When I perform the following actions" classname="Scenario: Performing Actions on trades" time="0">
    <skipped/>
    <system-err><![CDATA[11803 [main] INFO net.serenitybdd.core.Serenity - 
 _____ _____ ____ _____   ____ _____  _    ____ _____ _____ ____  
|_   _| ____/ ___|_   _| / ___|_   _|/ \  |  _ \_   _| ____|  _ \ 
  | | |  _| \___ \ | |   \___ \ | | / _ \ | |_) || | |  _| | | | |
  | | | |___ ___) || |    ___) || |/ ___ \|  _ < | | | |___| |_| |
  |_| |_____|____/ |_|   |____/ |_/_/   \_\_| \_\|_| |_____|____/ 
                                                                  

TEST STARTED: Performing Actions on trades
-------------------------------------------------------------------
]]></system-err>
  </testcase>
  <testcase name="Then all actions are successfully completed" classname="Scenario: Performing Actions on trades" time="0">
    <skipped/>
    <system-err><![CDATA[11818 [main] INFO net.serenitybdd.core.Serenity - TEST PENDING
]]></system-err>
  </testcase>
  <testcase name="Scenario: Performing Actions on trades" classname="Scenario: Performing Actions on trades" time="0">
    <skipped/>
    <system-err><![CDATA[11818 [main] INFO net.serenitybdd.core.Serenity - TEST PENDING
11818 [main] INFO net.serenitybdd.core.Serenity - 
          __  _____ _____ ____ _____   ____  _____ _   _ ____ ___ _   _  ____ 
 _       / / |_   _| ____/ ___|_   _| |  _ \| ____| \ | |  _ \_ _| \ | |/ ___|
(_)____ / /    | | |  _| \___ \ | |   | |_) |  _| |  \| | | | | ||  \| | |  _ 
 |_____/ /     | | | |___ ___) || |   |  __/| |___| |\  | |_| | || |\  | |_| |
(_)   /_/      |_| |_____|____/ |_|   |_|   |_____|_| \_|____/___|_| \_|\____|
                                                                                

TEST PENDING: Performing Actions on trades
---------------------------------------------------------------------------------
]]></system-err>
  </testcase>
  <testcase name="Scenario: Performing Actions on trades" classname="Scenario: Performing Actions on trades" time="0.332"/>
  <testcase name="When I trigger an end of day report on 1" classname="| 123a |" time="0"/>
  <testcase name="And I trigger an end of day report on 2" classname="| 123a |" time="0"/>
  <testcase name="Then account 123a has the same position on both environments" classname="| 123a |" time="0"/>
  <testcase name="| 123a |" classname="| 123a |" time="0.016"/>
  <testcase name="When I trigger an end of day report on 1" classname="| 1234a |" time="0"/>
  <testcase name="And I trigger an end of day report on 2" classname="| 1234a |" time="0"/>
  <testcase name="Then account 1234a has the same position on both environments" classname="| 1234a |" time="0"/>
  <testcase name="| 1234a |" classname="| 1234a |" time="0.08"/>
  <testcase name="When I trigger an end of day report on 1" classname="| 12345a |" time="0"/>
  <testcase name="And I trigger an end of day report on 2" classname="| 12345a |" time="0.01"/>
  <testcase name="Then account 12345a has the same position on both environments" classname="| 12345a |" time="0"/>
  <testcase name="| 12345a |" classname="| 12345a |" time="0.364"/>
</testsuite>